<?xml version="1.0" encoding="UTF-8"?>
<testsuite name="com.shabic.farm.FarmApplicationTests" tests="1" skipped="0" failures="0" errors="0" timestamp="2026-05-17T14:28:49.453Z" hostname="YOUSSEF" time="24.611">
  <properties/>
  <testcase name="contextLoads()" classname="com.shabic.farm.FarmApplicationTests" time="0.109"/>
  <system-out><![CDATA[17:28:49.568 [Test worker] INFO org.springframework.test.context.support.AnnotationConfigContextLoaderUtils -- Could not detect default configuration classes for test class [com.shabic.farm.FarmApplicationTests]: FarmApplicationTests does not declare any static, non-private, non-final, nested classes annotated with @Configuration.
17:28:49.716 [Test worker] INFO org.springframework.boot.test.context.SpringBootTestContextBootstrapper -- Found @SpringBootConfiguration com.shabic.farm.FarmApplication for test class com.shabic.farm.FarmApplicationTests
17:28:49.818 [Test worker] INFO org.springframework.test.context.support.AnnotationConfigContextLoaderUtils -- Could not detect default configuration classes for test class [com.shabic.farm.FarmApplicationTests]: FarmApplicationTests does not declare any static, non-private, non-final, nested classes annotated with @Configuration.
17:28:49.821 [Test worker] INFO org.springframework.boot.test.context.SpringBootTestContextBootstrapper -- Found @SpringBootConfiguration com.shabic.farm.FarmApplication for test class com.shabic.farm.FarmApplicationTests

  .   ____          _            __ _ _
 /\\ / ___'_ __ _ _(_)_ __  __ _ \ \ \ \
( ( )\___ | '_ | '_| | '_ \/ _` | \ \ \ \
 \\/  ___)| |_)| | | | | || (_| |  ) ) ) )
  '  |____| .__|_| |_|_| |_\__, | / / / /
 =========|_|==============|___/=/_/_/_/

 :: Spring Boot ::                (v4.0.6)

2026-05-17T17:28:50.621+03:00  INFO 37760 --- [    Test worker] com.shabic.farm.FarmApplicationTests     : Starting FarmApplicationTests using Java 17.0.12 with PID 37760 (started by mohamed in D:\livestock Microservice\farm)
2026-05-17T17:28:50.625+03:00  INFO 37760 --- [    Test worker] com.shabic.farm.FarmApplicationTests     : No active profile set, falling back to 1 default profile: "default"
2026-05-17T17:28:53.816+03:00  INFO 37760 --- [    Test worker] .s.d.r.c.RepositoryConfigurationDelegate : Bootstrapping Spring Data JPA repositories in DEFAULT mode.
2026-05-17T17:28:54.409+03:00  INFO 37760 --- [    Test worker] .s.d.r.c.RepositoryConfigurationDelegate : Finished Spring Data repository scanning in 554 ms. Found 1 JPA repository interface.
2026-05-17T17:28:55.438+03:00  INFO 37760 --- [    Test worker] o.s.cloud.context.scope.GenericScope     : BeanFactory id=5e4f604c-8dab-3522-a334-84a1fe00f698
2026-05-17T17:28:59.911+03:00  INFO 37760 --- [    Test worker] org.hibernate.orm.jpa                    : HHH008540: Processing PersistenceUnitInfo [name: default]
2026-05-17T17:29:00.267+03:00  INFO 37760 --- [    Test worker] org.hibernate.orm.core                   : HHH000001: Hibernate ORM core version 7.2.12.Final
2026-05-17T17:29:02.201+03:00  INFO 37760 --- [    Test worker] o.s.o.j.p.SpringPersistenceUnitInfo      : No LoadTimeWeaver setup: ignoring JPA class transformer
2026-05-17T17:29:02.443+03:00  INFO 37760 --- [    Test worker] com.zaxxer.hikari.HikariDataSource       : HikariPool-1 - Starting...
2026-05-17T17:29:03.203+03:00  INFO 37760 --- [    Test worker] com.zaxxer.hikari.pool.HikariPool        : HikariPool-1 - Added connection conn0: url=jdbc:h2:mem:farm_test user=SA
2026-05-17T17:29:03.211+03:00  INFO 37760 --- [    Test worker] com.zaxxer.hikari.HikariDataSource       : HikariPool-1 - Start completed.
2026-05-17T17:29:03.551+03:00  INFO 37760 --- [    Test worker] org.hibernate.orm.connections.pooling    : HHH10001005: Database info:
	Database JDBC URL [jdbc:h2:mem:farm_test]
	Database driver: H2 JDBC Driver
	Database dialect: H2Dialect
	Database version: 2.4.240
	Default catalog/schema: farm_test/PUBLIC
	Autocommit mode: undefined/unknown
	Isolation level: READ_COMMITTED [default READ_COMMITTED]
	JDBC fetch size: 100
	Pool: DataSourceConnectionProvider
	Minimum pool size: undefined/unknown
	Maximum pool size: undefined/unknown
2026-05-17T17:29:06.162+03:00  INFO 37760 --- [    Test worker] org.hibernate.orm.core                   : HHH000489: No JTA platform available (set 'hibernate.transaction.jta.platform' to enable JTA platform integration)
2026-05-17T17:29:06.269+03:00  INFO 37760 --- [    Test worker] j.LocalContainerEntityManagerFactoryBean : Initialized JPA EntityManagerFactory for persistence unit 'default'
2026-05-17T17:29:06.593+03:00  INFO 37760 --- [    Test worker] o.s.d.j.r.query.QueryEnhancerFactories   : Hibernate is in classpath; If applicable, HQL parser will be used.
2026-05-17T17:29:08.220+03:00  WARN 37760 --- [    Test worker] JpaBaseConfiguration$JpaWebConfiguration : spring.jpa.open-in-view is enabled by default. Therefore, database queries may be performed during view rendering. Explicitly configure spring.jpa.open-in-view to disable this warning
2026-05-17T17:29:11.820+03:00  INFO 37760 --- [    Test worker] DiscoveryClientOptionalArgsConfiguration : Eureka HTTP Client uses RestClient.
2026-05-17T17:29:12.160+03:00  INFO 37760 --- [    Test worker] o.s.c.n.eureka.InstanceInfoFactory       : Setting initial instance status as: STARTING
2026-05-17T17:29:12.244+03:00  INFO 37760 --- [    Test worker] com.netflix.discovery.DiscoveryClient    : Initializing Eureka in region us-east-1
2026-05-17T17:29:12.263+03:00  INFO 37760 --- [    Test worker] c.n.d.s.r.aws.ConfigClusterResolver      : Resolving eureka endpoints via configuration
2026-05-17T17:29:12.302+03:00  INFO 37760 --- [    Test worker] com.netflix.discovery.DiscoveryClient    : Disable delta property : false
2026-05-17T17:29:12.302+03:00  INFO 37760 --- [    Test worker] com.netflix.discovery.DiscoveryClient    : Single vip registry refresh property : null
2026-05-17T17:29:12.302+03:00  INFO 37760 --- [    Test worker] com.netflix.discovery.DiscoveryClient    : Force full registry fetch : false
2026-05-17T17:29:12.302+03:00  INFO 37760 --- [    Test worker] com.netflix.discovery.DiscoveryClient    : Application is null : false
2026-05-17T17:29:12.302+03:00  INFO 37760 --- [    Test worker] com.netflix.discovery.DiscoveryClient    : Registered Applications size is zero : true
2026-05-17T17:29:12.302+03:00  INFO 37760 --- [    Test worker] com.netflix.discovery.DiscoveryClient    : Application version is -1: true
2026-05-17T17:29:12.303+03:00  INFO 37760 --- [    Test worker] com.netflix.discovery.DiscoveryClient    : Getting all instance registry info from the eureka server
2026-05-17T17:29:13.753+03:00  INFO 37760 --- [    Test worker] com.netflix.discovery.DiscoveryClient    : The response status is 200
2026-05-17T17:29:13.759+03:00  INFO 37760 --- [    Test worker] com.netflix.discovery.DiscoveryClient    : Starting heartbeat executor: renew interval is: 30
2026-05-17T17:29:13.764+03:00  INFO 37760 --- [    Test worker] c.n.discovery.InstanceInfoReplicator     : InstanceInfoReplicator onDemand update allowed rate per min is 4
2026-05-17T17:29:13.769+03:00  INFO 37760 --- [    Test worker] com.netflix.discovery.DiscoveryClient    : Discovery Client initialized at timestamp 1779028153767 with initial instances count: 3
2026-05-17T17:29:13.785+03:00  INFO 37760 --- [    Test worker] o.s.c.n.e.s.EurekaServiceRegistry        : Registering application UNKNOWN with eureka with status UP
2026-05-17T17:29:13.789+03:00  INFO 37760 --- [    Test worker] com.netflix.discovery.DiscoveryClient    : Saw local status change event StatusChangeEvent [timestamp=1779028153789, current=UP, previous=STARTING]
2026-05-17T17:29:13.798+03:00  INFO 37760 --- [foReplicator-%d] com.netflix.discovery.DiscoveryClient    : DiscoveryClient_UNKNOWN/youssef: registering service...
2026-05-17T17:29:13.856+03:00  INFO 37760 --- [    Test worker] com.shabic.farm.FarmApplicationTests     : Started FarmApplicationTests in 23.735 seconds (process running for 26.128)
2026-05-17T17:29:13.879+03:00  WARN 37760 --- [    Test worker] o.s.core.events.SpringDocAppInitializer  : SpringDoc /v3/api-docs endpoint is enabled by default. To disable it in production, set the property 'springdoc.api-docs.enabled=false'
2026-05-17T17:29:13.880+03:00  WARN 37760 --- [    Test worker] o.s.core.events.SpringDocAppInitializer  : SpringDoc /swagger-ui.html endpoint is enabled by default. To disable it in production, set the property 'springdoc.swagger-ui.enabled=false'
2026-05-17T17:29:13.945+03:00  INFO 37760 --- [foReplicator-%d] com.netflix.discovery.DiscoveryClient    : DiscoveryClient_UNKNOWN/youssef - registration status: 204
]]></system-out>
  <system-err><![CDATA[]]></system-err>
</testsuite>
